2025-09-16T12:42:16: Connected to the SQLite database.
2025-09-16T12:42:16: [DEBUG] Listening on 0.0.0.0:3000
2025-09-16T12:42:16: Created failed_login_attempts table
2025-09-16T12:42:16: Created chat_messages table
2025-09-16T12:42:16: Connected to the SQLite database.
2025-09-16T12:42:16: [DEBUG] Listening on 0.0.0.0:3000
2025-09-16T12:42:16: Created failed_login_attempts table
2025-09-16T12:42:16: Created chat_messages table
2025-09-16T12:42:17: [DEBUG] Adding 1000 food
2025-09-16T12:42:17: [DEBUG] Adding 1000 food
2025-09-16T12:44:07: Connected to the SQLite database.
2025-09-16T12:44:07: [DEBUG] Listening on 0.0.0.0:3000
2025-09-16T12:44:07: Created failed_login_attempts table
2025-09-16T12:44:07: Created chat_messages table
2025-09-16T12:44:07: Connected to the SQLite database.
2025-09-16T12:44:08: [DEBUG] Listening on 0.0.0.0:3000
2025-09-16T12:44:08: Created failed_login_attempts table
2025-09-16T12:44:08: Created chat_messages table
2025-09-16T12:44:08: [DEBUG] Adding 1000 food
2025-09-16T12:44:08: [DEBUG] Adding 1000 food
2025-09-16T12:47:48: User has connected:  undefined
2025-09-16T12:47:48: Unknown user type, not doing anything.
2025-09-16T12:59:19: Connected to the SQLite database.
2025-09-16T12:59:19: [DEBUG] Listening on 0.0.0.0:3000
2025-09-16T12:59:19: Created failed_login_attempts table
2025-09-16T12:59:19: Created chat_messages table
2025-09-16T12:59:19: Connected to the SQLite database.
2025-09-16T12:59:19: [DEBUG] Listening on 0.0.0.0:3000
2025-09-16T12:59:19: Created failed_login_attempts table
2025-09-16T12:59:19: Created chat_messages table
2025-09-16T12:59:20: User has connected:  undefined
2025-09-16T12:59:20: Unknown user type, not doing anything.
2025-09-16T12:59:20: [DEBUG] Adding 1000 food
2025-09-16T12:59:20: [DEBUG] Adding 1000 food
